# JRE version: OpenJDK Runtime Environment (17.0.11) (build 17.0.11+0--11852314)
# Java VM: OpenJDK 64-Bit Server VM (17.0.11+0--11852314, mixed mode, tiered, compressed oops, compressed class ptrs, g1 gc, windows-amd64)
GC Precious Log:
 CPUs: 16 total, 16 available
 Memory: 16163M
 Large Page Support: Disabled
 NUMA Support: Disabled
 Compressed Oops: Enabled (32-bit)
 Heap Region Size: 1M
 Heap Min Capacity: 8M
 Heap Initial Capacity: 254M
 Heap Max Capacity: 2G
 Pre-touch: Disabled
 Parallel Workers: 13
 Concurrent Workers: 3
 Concurrent Refinement Workers: 13
 Periodic GC: Disabled
Heap:
 garbage-first heap   total 288768K, used 106779K [0x0000000080000000, 0x0000000100000000)
  region size 1024K, 4 young (4096K), 4 survivors (4096K)
 Metaspace       used 148502K, committed 149760K, reserved 1179648K
  class space    used 20788K, committed 21376K, reserved 1048576K
GC Heap History (20 events):
Event: 6374.253 GC heap after
{Heap after GC invocations=73 (full 0):
 garbage-first heap   total 288768K, used 109134K [0x0000000080000000, 0x0000000100000000)
  region size 1024K, 2 young (2048K), 2 survivors (2048K)
 Metaspace       used 146878K, committed 147840K, reserved 1179648K
  class space    used 20591K, committed 21056K, reserved 1048576K
}
Event: 6374.370 GC heap before
{Heap before GC invocations=73 (full 0):
 garbage-first heap   total 288768K, used 121422K [0x0000000080000000, 0x0000000100000000)
  region size 1024K, 15 young (15360K), 2 survivors (2048K)
 Metaspace       used 146900K, committed 147904K, reserved 1179648K
  class space    used 20593K, committed 21056K, reserved 1048576K
}
Event: 6374.372 GC heap after
{Heap after GC invocations=74 (full 0):
 garbage-first heap   total 288768K, used 111350K [0x0000000080000000, 0x0000000100000000)
  region size 1024K, 4 young (4096K), 4 survivors (4096K)
 Metaspace       used 146900K, committed 147904K, reserved 1179648K
  class space    used 20593K, committed 21056K, reserved 1048576K
}
Event: 6534.966 GC heap before
{Heap before GC invocations=75 (full 0):
 garbage-first heap   total 288768K, used 244470K [0x0000000080000000, 0x0000000100000000)
  region size 1024K, 123 young (125952K), 4 survivors (4096K)
 Metaspace       used 147192K, committed 148160K, reserved 1179648K
  class space    used 20596K, committed 21056K, reserved 1048576K
}
Event: 6534.973 GC heap after
{Heap after GC invocations=76 (full 0):
 garbage-first heap   total 288768K, used 116853K [0x0000000080000000, 0x0000000100000000)
  region size 1024K, 9 young (9216K), 9 survivors (9216K)
 Metaspace       used 147192K, committed 148160K, reserved 1179648K
  class space    used 20596K, committed 21056K, reserved 1048576K
}
Event: 6535.004 GC heap before
{Heap before GC invocations=76 (full 0):
 garbage-first heap   total 288768K, used 121973K [0x0000000080000000, 0x0000000100000000)
  region size 1024K, 14 young (14336K), 9 survivors (9216K)
 Metaspace       used 147210K, committed 148160K, reserved 1179648K
  class space    used 20596K, committed 21056K, reserved 1048576K
}
Event: 6535.015 GC heap after
{Heap after GC invocations=77 (full 0):
 garbage-first heap   total 288768K, used 104676K [0x0000000080000000, 0x0000000100000000)
  region size 1024K, 2 young (2048K), 2 survivors (2048K)
 Metaspace       used 147210K, committed 148160K, reserved 1179648K
  class space    used 20596K, committed 21056K, reserved 1048576K
}
Event: 6535.099 GC heap before
{Heap before GC invocations=77 (full 0):
 garbage-first heap   total 288768K, used 112868K [0x0000000080000000, 0x0000000100000000)
  region size 1024K, 11 young (11264K), 2 survivors (2048K)
 Metaspace       used 147233K, committed 148160K, reserved 1179648K
  class space    used 20596K, committed 21056K, reserved 1048576K
}
Event: 6535.101 GC heap after
{Heap after GC invocations=78 (full 0):
 garbage-first heap   total 288768K, used 106339K [0x0000000080000000, 0x0000000100000000)
  region size 1024K, 4 young (4096K), 4 survivors (4096K)
 Metaspace       used 147233K, committed 148160K, reserved 1179648K
  class space    used 20596K, committed 21056K, reserved 1048576K
}
Event: 6778.770 GC heap before
{Heap before GC invocations=79 (full 0):
 garbage-first heap   total 288768K, used 240483K [0x0000000080000000, 0x0000000100000000)
  region size 1024K, 123 young (125952K), 4 survivors (4096K)
 Metaspace       used 147774K, committed 148864K, reserved 1179648K
  class space    used 20659K, committed 21184K, reserved 1048576K
}
Event: 6778.776 GC heap after
{Heap after GC invocations=80 (full 0):
 garbage-first heap   total 288768K, used 112915K [0x0000000080000000, 0x0000000100000000)
  region size 1024K, 9 young (9216K), 9 survivors (9216K)
 Metaspace       used 147774K, committed 148864K, reserved 1179648K
  class space    used 20659K, committed 21184K, reserved 1048576K
}
Event: 6778.815 GC heap before
{Heap before GC invocations=80 (full 0):
 garbage-first heap   total 288768K, used 118035K [0x0000000080000000, 0x0000000100000000)
  region size 1024K, 14 young (14336K), 9 survivors (9216K)
 Metaspace       used 147941K, committed 149120K, reserved 1179648K
  class space    used 20705K, committed 21248K, reserved 1048576K
}
Event: 6778.823 GC heap after
{Heap after GC invocations=81 (full 0):
 garbage-first heap   total 288768K, used 104224K [0x0000000080000000, 0x0000000100000000)
  region size 1024K, 2 young (2048K), 2 survivors (2048K)
 Metaspace       used 147941K, committed 149120K, reserved 1179648K
  class space    used 20705K, committed 21248K, reserved 1048576K
}
Event: 6778.934 GC heap before
{Heap before GC invocations=81 (full 0):
 garbage-first heap   total 288768K, used 116512K [0x0000000080000000, 0x0000000100000000)
  region size 1024K, 15 young (15360K), 2 survivors (2048K)
 Metaspace       used 148018K, committed 149248K, reserved 1179648K
  class space    used 20717K, committed 21312K, reserved 1048576K
}
Event: 6778.937 GC heap after
{Heap after GC invocations=82 (full 0):
 garbage-first heap   total 288768K, used 106454K [0x0000000080000000, 0x0000000100000000)
  region size 1024K, 4 young (4096K), 4 survivors (4096K)
 Metaspace       used 148018K, committed 149248K, reserved 1179648K
  class space    used 20717K, committed 21312K, reserved 1048576K
}
Event: 6841.677 GC heap before
{Heap before GC invocations=83 (full 0):
 garbage-first heap   total 288768K, used 240598K [0x0000000080000000, 0x0000000100000000)
  region size 1024K, 122 young (124928K), 4 survivors (4096K)
 Metaspace       used 148484K, committed 149760K, reserved 1179648K
  class space    used 20788K, committed 21376K, reserved 1048576K
}
Event: 6841.685 GC heap after
{Heap after GC invocations=84 (full 0):
 garbage-first heap   total 288768K, used 114355K [0x0000000080000000, 0x0000000100000000)
  region size 1024K, 10 young (10240K), 10 survivors (10240K)
 Metaspace       used 148484K, committed 149760K, reserved 1179648K
  class space    used 20788K, committed 21376K, reserved 1048576K
}
Event: 6841.708 GC heap before
{Heap before GC invocations=84 (full 0):
 garbage-first heap   total 288768K, used 118451K [0x0000000080000000, 0x0000000100000000)
  region size 1024K, 14 young (14336K), 10 survivors (10240K)
 Metaspace       used 148487K, committed 149760K, reserved 1179648K
  class space    used 20788K, committed 21376K, reserved 1048576K
}
Event: 6841.720 GC heap after
{Heap after GC invocations=85 (full 0):
 garbage-first heap   total 288768K, used 105296K [0x0000000080000000, 0x0000000100000000)
  region size 1024K, 2 young (2048K), 2 survivors (2048K)
 Metaspace       used 148487K, committed 149760K, reserved 1179648K
  class space    used 20788K, committed 21376K, reserved 1048576K
}
Event: 6841.847 GC heap before
{Heap before GC invocations=85 (full 0):
 garbage-first heap   total 288768K, used 114512K [0x0000000080000000, 0x0000000100000000)
  region size 1024K, 12 young (12288K), 2 survivors (2048K)
 Metaspace       used 148502K, committed 149760K, reserved 1179648K
  class space    used 20788K, committed 21376K, reserved 1048576K
}

